The system is: Linux - 3.10.0-327.36.1.el7.x86_64 - x86_64
Compiling the C compiler identification source file "CMakeCCompilerId.c" succeeded.
Compiler: /opt/rh/devtoolset-6/root/usr/bin/cc 
Build flags: 
Id flags: 

The output was:
0


Compilation of the C compiler identification source "CMakeCCompilerId.c" produced "a.out"

The C compiler identification is GNU, found in "/home/el9/E70949/shared/cpt323/chat_examples/week3/intlist/build/CMakeFiles/2.8.11/CompilerIdC/a.out"

Compiling the CXX compiler identification source file "CMakeCXXCompilerId.cpp" succeeded.
Compiler: /opt/rh/devtoolset-6/root/usr/bin/c++ 
Build flags: 
Id flags: 

The output was:
0


Compilation of the CXX compiler identification source "CMakeCXXCompilerId.cpp" produced "a.out"

The CXX compiler identification is GNU, found in "/home/el9/E70949/shared/cpt323/chat_examples/week3/intlist/build/CMakeFiles/2.8.11/CompilerIdCXX/a.out"

Determining if the C compiler works passed with the following output:
Change Dir: /home/el9/E70949/shared/cpt323/chat_examples/week3/intlist/build/CMakeFiles/CMakeTmp

Run Build Command:/opt/rh/devtoolset-6/root/usr/bin/gmake "cmTryCompileExec753657981/fast"
/opt/rh/devtoolset-6/root/usr/bin/gmake -f CMakeFiles/cmTryCompileExec753657981.dir/build.make CMakeFiles/cmTryCompileExec753657981.dir/build
gmake[1]: Entering directory '/home/el9/E70949/shared/cpt323/chat_examples/week3/intlist/build/CMakeFiles/CMakeTmp'
/usr/bin/cmake -E cmake_progress_report /home/el9/E70949/shared/cpt323/chat_examples/week3/intlist/build/CMakeFiles/CMakeTmp/CMakeFiles 1
Building C object CMakeFiles/cmTryCompileExec753657981.dir/testCCompiler.c.o
/opt/rh/devtoolset-6/root/usr/bin/cc    -o CMakeFiles/cmTryCompileExec753657981.dir/testCCompiler.c.o   -c /home/el9/E70949/shared/cpt323/chat_examples/week3/intlist/build/CMakeFiles/CMakeTmp/testCCompiler.c
Linking C executable cmTryCompileExec753657981
/usr/bin/cmake -E cmake_link_script CMakeFiles/cmTryCompileExec753657981.dir/link.txt --verbose=1
/opt/rh/devtoolset-6/root/usr/bin/cc         CMakeFiles/cmTryCompileExec753657981.dir/testCCompiler.c.o  -o cmTryCompileExec753657981 -rdynamic 
gmake[1]: Leaving directory '/home/el9/E70949/shared/cpt323/chat_examples/week3/intlist/build/CMakeFiles/CMakeTmp'


Detecting C compiler ABI info compiled with the following output:
Change Dir: /home/el9/E70949/shared/cpt323/chat_examples/week3/intlist/build/CMakeFiles/CMakeTmp

Run Build Command:/opt/rh/devtoolset-6/root/usr/bin/gmake "cmTryCompileExec3982959800/fast"
/opt/rh/devtoolset-6/root/usr/bin/gmake -f CMakeFiles/cmTryCompileExec3982959800.dir/build.make CMakeFiles/cmTryCompileExec3982959800.dir/build
gmake[1]: Entering directory '/home/el9/E70949/shared/cpt323/chat_examples/week3/intlist/build/CMakeFiles/CMakeTmp'
/usr/bin/cmake -E cmake_progress_report /home/el9/E70949/shared/cpt323/chat_examples/week3/intlist/build/CMakeFiles/CMakeTmp/CMakeFiles 1
Building C object CMakeFiles/cmTryCompileExec3982959800.dir/CMakeCCompilerABI.c.o
/opt/rh/devtoolset-6/root/usr/bin/cc    -o CMakeFiles/cmTryCompileExec3982959800.dir/CMakeCCompilerABI.c.o   -c /usr/share/cmake/Modules/CMakeCCompilerABI.c
Linking C executable cmTryCompileExec3982959800
/usr/bin/cmake -E cmake_link_script CMakeFiles/cmTryCompileExec3982959800.dir/link.txt --verbose=1
/opt/rh/devtoolset-6/root/usr/bin/cc       -v CMakeFiles/cmTryCompileExec3982959800.dir/CMakeCCompilerABI.c.o  -o cmTryCompileExec3982959800 -rdynamic  
Using built-in specs.
COLLECT_GCC=/opt/rh/devtoolset-6/root/usr/bin/cc
COLLECT_LTO_WRAPPER=/opt/rh/devtoolset-6/root/usr/libexec/gcc/x86_64-redhat-linux/6.2.1/lto-wrapper
Target: x86_64-redhat-linux
Configured with: ../configure --enable-bootstrap --enable-languages=c,c++,fortran,lto --prefix=/opt/rh/devtoolset-6/root/usr --mandir=/opt/rh/devtoolset-6/root/usr/share/man --infodir=/opt/rh/devtoolset-6/root/usr/share/info --with-bugurl=http://bugzilla.redhat.com/bugzilla --enable-shared --enable-threads=posix --enable-checking=release --enable-multilib --with-system-zlib --enable-__cxa_atexit --disable-libunwind-exceptions --enable-gnu-unique-object --enable-linker-build-id --enable-plugin --with-linker-hash-style=gnu --enable-initfini-array --disable-libgcj --with-default-libstdcxx-abi=gcc4-compatible --with-isl=/builddir/build/BUILD/gcc-6.2.1-20160916/obj-x86_64-redhat-linux/isl-install --enable-libmpx --enable-gnu-indirect-function --with-tune=generic --with-arch_32=i686 --build=x86_64-redhat-linux
Thread model: posix
gcc version 6.2.1 20160916 (Red Hat 6.2.1-3) (GCC) 
COMPILER_PATH=/opt/rh/devtoolset-6/root/usr/libexec/gcc/x86_64-redhat-linux/6.2.1/:/opt/rh/devtoolset-6/root/usr/libexec/gcc/x86_64-redhat-linux/6.2.1/:/opt/rh/devtoolset-6/root/usr/libexec/gcc/x86_64-redhat-linux/:/opt/rh/devtoolset-6/root/usr/lib/gcc/x86_64-redhat-linux/6.2.1/:/opt/rh/devtoolset-6/root/usr/lib/gcc/x86_64-redhat-linux/
LIBRARY_PATH=/opt/rh/devtoolset-6/root/usr/lib/gcc/x86_64-redhat-linux/6.2.1/:/opt/rh/devtoolset-6/root/usr/lib/gcc/x86_64-redhat-linux/6.2.1/../../../../lib64/:/lib/../lib64/:/usr/lib/../lib64/:/opt/rh/devtoolset-6/root/usr/lib/gcc/x86_64-redhat-linux/6.2.1/../../../:/lib/:/usr/lib/
COLLECT_GCC_OPTIONS='-v' '-o' 'cmTryCompileExec3982959800' '-rdynamic' '-mtune=generic' '-march=x86-64'
 /opt/rh/devtoolset-6/root/usr/libexec/gcc/x86_64-redhat-linux/6.2.1/collect2 -plugin /opt/rh/devtoolset-6/root/usr/libexec/gcc/x86_64-redhat-linux/6.2.1/liblto_plugin.so -plugin-opt=/opt/rh/devtoolset-6/root/usr/libexec/gcc/x86_64-redhat-linux/6.2.1/lto-wrapper -plugin-opt=-fresolution=/tmp/cc9cjsvt.res -plugin-opt=-pass-through=-lgcc -plugin-opt=-pass-through=-lgcc_s -plugin-opt=-pass-through=-lc -plugin-opt=-pass-through=-lgcc -plugin-opt=-pass-through=-lgcc_s --build-id --no-add-needed --eh-frame-hdr --hash-style=gnu -m elf_x86_64 -export-dynamic -dynamic-linker /lib64/ld-linux-x86-64.so.2 -o cmTryCompileExec3982959800 /lib/../lib64/crt1.o /lib/../lib64/crti.o /opt/rh/devtoolset-6/root/usr/lib/gcc/x86_64-redhat-linux/6.2.1/crtbegin.o -L/opt/rh/devtoolset-6/root/usr/lib/gcc/x86_64-redhat-linux/6.2.1 -L/opt/rh/devtoolset-6/root/usr/lib/gcc/x86_64-redhat-linux/6.2.1/../../../../lib64 -L/lib/../lib64 -L/usr/lib/../lib64 -L/opt/rh/devtoolset-6/root/usr/lib/gcc/x86_64-redhat-linux/6.2.1/../../.. CMakeFiles/cmTryCompileExec3982959800.dir/CMakeCCompilerABI.c.o -lgcc --as-needed -lgcc_s --no-as-needed -lc -lgcc --as-needed -lgcc_s --no-as-needed /opt/rh/devtoolset-6/root/usr/lib/gcc/x86_64-redhat-linux/6.2.1/crtend.o /lib/../lib64/crtn.o
COLLECT_GCC_OPTIONS='-v' '-o' 'cmTryCompileExec3982959800' '-rdynamic' '-mtune=generic' '-march=x86-64'
gmake[1]: Leaving directory '/home/el9/E70949/shared/cpt323/chat_examples/week3/intlist/build/CMakeFiles/CMakeTmp'


Parsed C implicit link information from above output:
  link line regex: [^( *|.*[/\])(ld|ld|collect2)[^/\]*( |$)]
  ignore line: [Change Dir: /home/el9/E70949/shared/cpt323/chat_examples/week3/intlist/build/CMakeFiles/CMakeTmp]
  ignore line: []
  ignore line: [Run Build Command:/opt/rh/devtoolset-6/root/usr/bin/gmake "cmTryCompileExec3982959800/fast"]
  ignore line: [/opt/rh/devtoolset-6/root/usr/bin/gmake -f CMakeFiles/cmTryCompileExec3982959800.dir/build.make CMakeFiles/cmTryCompileExec3982959800.dir/build]
  ignore line: [gmake[1]: Entering directory '/home/el9/E70949/shared/cpt323/chat_examples/week3/intlist/build/CMakeFiles/CMakeTmp']
  ignore line: [/usr/bin/cmake -E cmake_progress_report /home/el9/E70949/shared/cpt323/chat_examples/week3/intlist/build/CMakeFiles/CMakeTmp/CMakeFiles 1]
  ignore line: [Building C object CMakeFiles/cmTryCompileExec3982959800.dir/CMakeCCompilerABI.c.o]
  ignore line: [/opt/rh/devtoolset-6/root/usr/bin/cc    -o CMakeFiles/cmTryCompileExec3982959800.dir/CMakeCCompilerABI.c.o   -c /usr/share/cmake/Modules/CMakeCCompilerABI.c]
  ignore line: [Linking C executable cmTryCompileExec3982959800]
  ignore line: [/usr/bin/cmake -E cmake_link_script CMakeFiles/cmTryCompileExec3982959800.dir/link.txt --verbose=1]
  ignore line: [/opt/rh/devtoolset-6/root/usr/bin/cc       -v CMakeFiles/cmTryCompileExec3982959800.dir/CMakeCCompilerABI.c.o  -o cmTryCompileExec3982959800 -rdynamic  ]
  ignore line: [Using built-in specs.]
  ignore line: [COLLECT_GCC=/opt/rh/devtoolset-6/root/usr/bin/cc]
  ignore line: [COLLECT_LTO_WRAPPER=/opt/rh/devtoolset-6/root/usr/libexec/gcc/x86_64-redhat-linux/6.2.1/lto-wrapper]
  ignore line: [Target: x86_64-redhat-linux]
  ignore line: [Configured with: ../configure --enable-bootstrap --enable-languages=c,c++,fortran,lto --prefix=/opt/rh/devtoolset-6/root/usr --mandir=/opt/rh/devtoolset-6/root/usr/share/man --infodir=/opt/rh/devtoolset-6/root/usr/share/info --with-bugurl=http://bugzilla.redhat.com/bugzilla --enable-shared --enable-threads=posix --enable-checking=release --enable-multilib --with-system-zlib --enable-__cxa_atexit --disable-libunwind-exceptions --enable-gnu-unique-object --enable-linker-build-id --enable-plugin --with-linker-hash-style=gnu --enable-initfini-array --disable-libgcj --with-default-libstdcxx-abi=gcc4-compatible --with-isl=/builddir/build/BUILD/gcc-6.2.1-20160916/obj-x86_64-redhat-linux/isl-install --enable-libmpx --enable-gnu-indirect-function --with-tune=generic --with-arch_32=i686 --build=x86_64-redhat-linux]
  ignore line: [Thread model: posix]
  ignore line: [gcc version 6.2.1 20160916 (Red Hat 6.2.1-3) (GCC) ]
  ignore line: [COMPILER_PATH=/opt/rh/devtoolset-6/root/usr/libexec/gcc/x86_64-redhat-linux/6.2.1/:/opt/rh/devtoolset-6/root/usr/libexec/gcc/x86_64-redhat-linux/6.2.1/:/opt/rh/devtoolset-6/root/usr/libexec/gcc/x86_64-redhat-linux/:/opt/rh/devtoolset-6/root/usr/lib/gcc/x86_64-redhat-linux/6.2.1/:/opt/rh/devtoolset-6/root/usr/lib/gcc/x86_64-redhat-linux/]
  ignore line: [LIBRARY_PATH=/opt/rh/devtoolset-6/root/usr/lib/gcc/x86_64-redhat-linux/6.2.1/:/opt/rh/devtoolset-6/root/usr/lib/gcc/x86_64-redhat-linux/6.2.1/../../../../lib64/:/lib/../lib64/:/usr/lib/../lib64/:/opt/rh/devtoolset-6/root/usr/lib/gcc/x86_64-redhat-linux/6.2.1/../../../:/lib/:/usr/lib/]
  ignore line: [COLLECT_GCC_OPTIONS='-v' '-o' 'cmTryCompileExec3982959800' '-rdynamic' '-mtune=generic' '-march=x86-64']
  link line: [ /opt/rh/devtoolset-6/root/usr/libexec/gcc/x86_64-redhat-linux/6.2.1/collect2 -plugin /opt/rh/devtoolset-6/root/usr/libexec/gcc/x86_64-redhat-linux/6.2.1/liblto_plugin.so -plugin-opt=/opt/rh/devtoolset-6/root/usr/libexec/gcc/x86_64-redhat-linux/6.2.1/lto-wrapper -plugin-opt=-fresolution=/tmp/cc9cjsvt.res -plugin-opt=-pass-through=-lgcc -plugin-opt=-pass-through=-lgcc_s -plugin-opt=-pass-through=-lc -plugin-opt=-pass-through=-lgcc -plugin-opt=-pass-through=-lgcc_s --build-id --no-add-needed --eh-frame-hdr --hash-style=gnu -m elf_x86_64 -export-dynamic -dynamic-linker /lib64/ld-linux-x86-64.so.2 -o cmTryCompileExec3982959800 /lib/../lib64/crt1.o /lib/../lib64/crti.o /opt/rh/devtoolset-6/root/usr/lib/gcc/x86_64-redhat-linux/6.2.1/crtbegin.o -L/opt/rh/devtoolset-6/root/usr/lib/gcc/x86_64-redhat-linux/6.2.1 -L/opt/rh/devtoolset-6/root/usr/lib/gcc/x86_64-redhat-linux/6.2.1/../../../../lib64 -L/lib/../lib64 -L/usr/lib/../lib64 -L/opt/rh/devtoolset-6/root/usr/lib/gcc/x86_64-redhat-linux/6.2.1/../../.. CMakeFiles/cmTryCompileExec3982959800.dir/CMakeCCompilerABI.c.o -lgcc --as-needed -lgcc_s --no-as-needed -lc -lgcc --as-needed -lgcc_s --no-as-needed /opt/rh/devtoolset-6/root/usr/lib/gcc/x86_64-redhat-linux/6.2.1/crtend.o /lib/../lib64/crtn.o]
    arg [/opt/rh/devtoolset-6/root/usr/libexec/gcc/x86_64-redhat-linux/6.2.1/collect2] ==> ignore
    arg [-plugin] ==> ignore
    arg [/opt/rh/devtoolset-6/root/usr/libexec/gcc/x86_64-redhat-linux/6.2.1/liblto_plugin.so] ==> ignore
    arg [-plugin-opt=/opt/rh/devtoolset-6/root/usr/libexec/gcc/x86_64-redhat-linux/6.2.1/lto-wrapper] ==> ignore
    arg [-plugin-opt=-fresolution=/tmp/cc9cjsvt.res] ==> ignore
    arg [-plugin-opt=-pass-through=-lgcc] ==> ignore
    arg [-plugin-opt=-pass-through=-lgcc_s] ==> ignore
    arg [-plugin-opt=-pass-through=-lc] ==> ignore
    arg [-plugin-opt=-pass-through=-lgcc] ==> ignore
    arg [-plugin-opt=-pass-through=-lgcc_s] ==> ignore
    arg [--build-id] ==> ignore
    arg [--no-add-needed] ==> ignore
    arg [--eh-frame-hdr] ==> ignore
    arg [--hash-style=gnu] ==> ignore
    arg [-m] ==> ignore
    arg [elf_x86_64] ==> ignore
    arg [-export-dynamic] ==> ignore
    arg [-dynamic-linker] ==> ignore
    arg [/lib64/ld-linux-x86-64.so.2] ==> ignore
    arg [-o] ==> ignore
    arg [cmTryCompileExec3982959800] ==> ignore
    arg [/lib/../lib64/crt1.o] ==> ignore
    arg [/lib/../lib64/crti.o] ==> ignore
    arg [/opt/rh/devtoolset-6/root/usr/lib/gcc/x86_64-redhat-linux/6.2.1/crtbegin.o] ==> ignore
    arg [-L/opt/rh/devtoolset-6/root/usr/lib/gcc/x86_64-redhat-linux/6.2.1] ==> dir [/opt/rh/devtoolset-6/root/usr/lib/gcc/x86_64-redhat-linux/6.2.1]
    arg [-L/opt/rh/devtoolset-6/root/usr/lib/gcc/x86_64-redhat-linux/6.2.1/../../../../lib64] ==> dir [/opt/rh/devtoolset-6/root/usr/lib/gcc/x86_64-redhat-linux/6.2.1/../../../../lib64]
    arg [-L/lib/../lib64] ==> dir [/lib/../lib64]
    arg [-L/usr/lib/../lib64] ==> dir [/usr/lib/../lib64]
    arg [-L/opt/rh/devtoolset-6/root/usr/lib/gcc/x86_64-redhat-linux/6.2.1/../../..] ==> dir [/opt/rh/devtoolset-6/root/usr/lib/gcc/x86_64-redhat-linux/6.2.1/../../..]
    arg [CMakeFiles/cmTryCompileExec3982959800.dir/CMakeCCompilerABI.c.o] ==> ignore
    arg [-lgcc] ==> lib [gcc]
    arg [--as-needed] ==> ignore
    arg [-lgcc_s] ==> lib [gcc_s]
    arg [--no-as-needed] ==> ignore
    arg [-lc] ==> lib [c]
    arg [-lgcc] ==> lib [gcc]
    arg [--as-needed] ==> ignore
    arg [-lgcc_s] ==> lib [gcc_s]
    arg [--no-as-needed] ==> ignore
    arg [/opt/rh/devtoolset-6/root/usr/lib/gcc/x86_64-redhat-linux/6.2.1/crtend.o] ==> ignore
    arg [/lib/../lib64/crtn.o] ==> ignore
  remove lib [gcc]
  remove lib [gcc_s]
  remove lib [gcc]
  remove lib [gcc_s]
  collapse library dir [/opt/rh/devtoolset-6/root/usr/lib/gcc/x86_64-redhat-linux/6.2.1] ==> [/opt/rh/devtoolset-6/root/usr/lib/gcc/x86_64-redhat-linux/6.2.1]
  collapse library dir [/opt/rh/devtoolset-6/root/usr/lib/gcc/x86_64-redhat-linux/6.2.1/../../../../lib64] ==> [/opt/rh/devtoolset-6/root/usr/lib64]
  collapse library dir [/lib/../lib64] ==> [/lib64]
  collapse library dir [/usr/lib/../lib64] ==> [/usr/lib64]
  collapse library dir [/opt/rh/devtoolset-6/root/usr/lib/gcc/x86_64-redhat-linux/6.2.1/../../..] ==> [/opt/rh/devtoolset-6/root/usr/lib]
  implicit libs: [c]
  implicit dirs: [/opt/rh/devtoolset-6/root/usr/lib/gcc/x86_64-redhat-linux/6.2.1;/opt/rh/devtoolset-6/root/usr/lib64;/lib64;/usr/lib64;/opt/rh/devtoolset-6/root/usr/lib]
  implicit fwks: []


Determining if the CXX compiler works passed with the following output:
Change Dir: /home/el9/E70949/shared/cpt323/chat_examples/week3/intlist/build/CMakeFiles/CMakeTmp

Run Build Command:/opt/rh/devtoolset-6/root/usr/bin/gmake "cmTryCompileExec381511689/fast"
/opt/rh/devtoolset-6/root/usr/bin/gmake -f CMakeFiles/cmTryCompileExec381511689.dir/build.make CMakeFiles/cmTryCompileExec381511689.dir/build
gmake[1]: Entering directory '/home/el9/E70949/shared/cpt323/chat_examples/week3/intlist/build/CMakeFiles/CMakeTmp'
/usr/bin/cmake -E cmake_progress_report /home/el9/E70949/shared/cpt323/chat_examples/week3/intlist/build/CMakeFiles/CMakeTmp/CMakeFiles 1
Building CXX object CMakeFiles/cmTryCompileExec381511689.dir/testCXXCompiler.cxx.o
/opt/rh/devtoolset-6/root/usr/bin/c++     -o CMakeFiles/cmTryCompileExec381511689.dir/testCXXCompiler.cxx.o -c /home/el9/E70949/shared/cpt323/chat_examples/week3/intlist/build/CMakeFiles/CMakeTmp/testCXXCompiler.cxx
Linking CXX executable cmTryCompileExec381511689
/usr/bin/cmake -E cmake_link_script CMakeFiles/cmTryCompileExec381511689.dir/link.txt --verbose=1
/opt/rh/devtoolset-6/root/usr/bin/c++          CMakeFiles/cmTryCompileExec381511689.dir/testCXXCompiler.cxx.o  -o cmTryCompileExec381511689 -rdynamic 
gmake[1]: Leaving directory '/home/el9/E70949/shared/cpt323/chat_examples/week3/intlist/build/CMakeFiles/CMakeTmp'


Detecting CXX compiler ABI info compiled with the following output:
Change Dir: /home/el9/E70949/shared/cpt323/chat_examples/week3/intlist/build/CMakeFiles/CMakeTmp

Run Build Command:/opt/rh/devtoolset-6/root/usr/bin/gmake "cmTryCompileExec2134350618/fast"
/opt/rh/devtoolset-6/root/usr/bin/gmake -f CMakeFiles/cmTryCompileExec2134350618.dir/build.make CMakeFiles/cmTryCompileExec2134350618.dir/build
gmake[1]: Entering directory '/home/el9/E70949/shared/cpt323/chat_examples/week3/intlist/build/CMakeFiles/CMakeTmp'
/usr/bin/cmake -E cmake_progress_report /home/el9/E70949/shared/cpt323/chat_examples/week3/intlist/build/CMakeFiles/CMakeTmp/CMakeFiles 1
Building CXX object CMakeFiles/cmTryCompileExec2134350618.dir/CMakeCXXCompilerABI.cpp.o
/opt/rh/devtoolset-6/root/usr/bin/c++     -o CMakeFiles/cmTryCompileExec2134350618.dir/CMakeCXXCompilerABI.cpp.o -c /usr/share/cmake/Modules/CMakeCXXCompilerABI.cpp
Linking CXX executable cmTryCompileExec2134350618
/usr/bin/cmake -E cmake_link_script CMakeFiles/cmTryCompileExec2134350618.dir/link.txt --verbose=1
/opt/rh/devtoolset-6/root/usr/bin/c++        -v CMakeFiles/cmTryCompileExec2134350618.dir/CMakeCXXCompilerABI.cpp.o  -o cmTryCompileExec2134350618 -rdynamic  
Using built-in specs.
COLLECT_GCC=/opt/rh/devtoolset-6/root/usr/bin/c++
COLLECT_LTO_WRAPPER=/opt/rh/devtoolset-6/root/usr/libexec/gcc/x86_64-redhat-linux/6.2.1/lto-wrapper
Target: x86_64-redhat-linux
Configured with: ../configure --enable-bootstrap --enable-languages=c,c++,fortran,lto --prefix=/opt/rh/devtoolset-6/root/usr --mandir=/opt/rh/devtoolset-6/root/usr/share/man --infodir=/opt/rh/devtoolset-6/root/usr/share/info --with-bugurl=http://bugzilla.redhat.com/bugzilla --enable-shared --enable-threads=posix --enable-checking=release --enable-multilib --with-system-zlib --enable-__cxa_atexit --disable-libunwind-exceptions --enable-gnu-unique-object --enable-linker-build-id --enable-plugin --with-linker-hash-style=gnu --enable-initfini-array --disable-libgcj --with-default-libstdcxx-abi=gcc4-compatible --with-isl=/builddir/build/BUILD/gcc-6.2.1-20160916/obj-x86_64-redhat-linux/isl-install --enable-libmpx --enable-gnu-indirect-function --with-tune=generic --with-arch_32=i686 --build=x86_64-redhat-linux
Thread model: posix
gcc version 6.2.1 20160916 (Red Hat 6.2.1-3) (GCC) 
COMPILER_PATH=/opt/rh/devtoolset-6/root/usr/libexec/gcc/x86_64-redhat-linux/6.2.1/:/opt/rh/devtoolset-6/root/usr/libexec/gcc/x86_64-redhat-linux/6.2.1/:/opt/rh/devtoolset-6/root/usr/libexec/gcc/x86_64-redhat-linux/:/opt/rh/devtoolset-6/root/usr/lib/gcc/x86_64-redhat-linux/6.2.1/:/opt/rh/devtoolset-6/root/usr/lib/gcc/x86_64-redhat-linux/
LIBRARY_PATH=/opt/rh/devtoolset-6/root/usr/lib/gcc/x86_64-redhat-linux/6.2.1/:/opt/rh/devtoolset-6/root/usr/lib/gcc/x86_64-redhat-linux/6.2.1/../../../../lib64/:/lib/../lib64/:/usr/lib/../lib64/:/opt/rh/devtoolset-6/root/usr/lib/gcc/x86_64-redhat-linux/6.2.1/../../../:/lib/:/usr/lib/
COLLECT_GCC_OPTIONS='-v' '-o' 'cmTryCompileExec2134350618' '-rdynamic' '-shared-libgcc' '-mtune=generic' '-march=x86-64'
 /opt/rh/devtoolset-6/root/usr/libexec/gcc/x86_64-redhat-linux/6.2.1/collect2 -plugin /opt/rh/devtoolset-6/root/usr/libexec/gcc/x86_64-redhat-linux/6.2.1/liblto_plugin.so -plugin-opt=/opt/rh/devtoolset-6/root/usr/libexec/gcc/x86_64-redhat-linux/6.2.1/lto-wrapper -plugin-opt=-fresolution=/tmp/ccg1c38D.res -plugin-opt=-pass-through=-lgcc_s -plugin-opt=-pass-through=-lgcc -plugin-opt=-pass-through=-lc -plugin-opt=-pass-through=-lgcc_s -plugin-opt=-pass-through=-lgcc --build-id --no-add-needed --eh-frame-hdr --hash-style=gnu -m elf_x86_64 -export-dynamic -dynamic-linker /lib64/ld-linux-x86-64.so.2 -o cmTryCompileExec2134350618 /lib/../lib64/crt1.o /lib/../lib64/crti.o /opt/rh/devtoolset-6/root/usr/lib/gcc/x86_64-redhat-linux/6.2.1/crtbegin.o -L/opt/rh/devtoolset-6/root/usr/lib/gcc/x86_64-redhat-linux/6.2.1 -L/opt/rh/devtoolset-6/root/usr/lib/gcc/x86_64-redhat-linux/6.2.1/../../../../lib64 -L/lib/../lib64 -L/usr/lib/../lib64 -L/opt/rh/devtoolset-6/root/usr/lib/gcc/x86_64-redhat-linux/6.2.1/../../.. CMakeFiles/cmTryCompileExec2134350618.dir/CMakeCXXCompilerABI.cpp.o -lstdc++ -lm -lgcc_s -lgcc -lc -lgcc_s -lgcc /opt/rh/devtoolset-6/root/usr/lib/gcc/x86_64-redhat-linux/6.2.1/crtend.o /lib/../lib64/crtn.o
COLLECT_GCC_OPTIONS='-v' '-o' 'cmTryCompileExec2134350618' '-rdynamic' '-shared-libgcc' '-mtune=generic' '-march=x86-64'
gmake[1]: Leaving directory '/home/el9/E70949/shared/cpt323/chat_examples/week3/intlist/build/CMakeFiles/CMakeTmp'


Parsed CXX implicit link information from above output:
  link line regex: [^( *|.*[/\])(ld|ld|collect2)[^/\]*( |$)]
  ignore line: [Change Dir: /home/el9/E70949/shared/cpt323/chat_examples/week3/intlist/build/CMakeFiles/CMakeTmp]
  ignore line: []
  ignore line: [Run Build Command:/opt/rh/devtoolset-6/root/usr/bin/gmake "cmTryCompileExec2134350618/fast"]
  ignore line: [/opt/rh/devtoolset-6/root/usr/bin/gmake -f CMakeFiles/cmTryCompileExec2134350618.dir/build.make CMakeFiles/cmTryCompileExec2134350618.dir/build]
  ignore line: [gmake[1]: Entering directory '/home/el9/E70949/shared/cpt323/chat_examples/week3/intlist/build/CMakeFiles/CMakeTmp']
  ignore line: [/usr/bin/cmake -E cmake_progress_report /home/el9/E70949/shared/cpt323/chat_examples/week3/intlist/build/CMakeFiles/CMakeTmp/CMakeFiles 1]
  ignore line: [Building CXX object CMakeFiles/cmTryCompileExec2134350618.dir/CMakeCXXCompilerABI.cpp.o]
  ignore line: [/opt/rh/devtoolset-6/root/usr/bin/c++     -o CMakeFiles/cmTryCompileExec2134350618.dir/CMakeCXXCompilerABI.cpp.o -c /usr/share/cmake/Modules/CMakeCXXCompilerABI.cpp]
  ignore line: [Linking CXX executable cmTryCompileExec2134350618]
  ignore line: [/usr/bin/cmake -E cmake_link_script CMakeFiles/cmTryCompileExec2134350618.dir/link.txt --verbose=1]
  ignore line: [/opt/rh/devtoolset-6/root/usr/bin/c++        -v CMakeFiles/cmTryCompileExec2134350618.dir/CMakeCXXCompilerABI.cpp.o  -o cmTryCompileExec2134350618 -rdynamic  ]
  ignore line: [Using built-in specs.]
  ignore line: [COLLECT_GCC=/opt/rh/devtoolset-6/root/usr/bin/c++]
  ignore line: [COLLECT_LTO_WRAPPER=/opt/rh/devtoolset-6/root/usr/libexec/gcc/x86_64-redhat-linux/6.2.1/lto-wrapper]
  ignore line: [Target: x86_64-redhat-linux]
  ignore line: [Configured with: ../configure --enable-bootstrap --enable-languages=c,c++,fortran,lto --prefix=/opt/rh/devtoolset-6/root/usr --mandir=/opt/rh/devtoolset-6/root/usr/share/man --infodir=/opt/rh/devtoolset-6/root/usr/share/info --with-bugurl=http://bugzilla.redhat.com/bugzilla --enable-shared --enable-threads=posix --enable-checking=release --enable-multilib --with-system-zlib --enable-__cxa_atexit --disable-libunwind-exceptions --enable-gnu-unique-object --enable-linker-build-id --enable-plugin --with-linker-hash-style=gnu --enable-initfini-array --disable-libgcj --with-default-libstdcxx-abi=gcc4-compatible --with-isl=/builddir/build/BUILD/gcc-6.2.1-20160916/obj-x86_64-redhat-linux/isl-install --enable-libmpx --enable-gnu-indirect-function --with-tune=generic --with-arch_32=i686 --build=x86_64-redhat-linux]
  ignore line: [Thread model: posix]
  ignore line: [gcc version 6.2.1 20160916 (Red Hat 6.2.1-3) (GCC) ]
  ignore line: [COMPILER_PATH=/opt/rh/devtoolset-6/root/usr/libexec/gcc/x86_64-redhat-linux/6.2.1/:/opt/rh/devtoolset-6/root/usr/libexec/gcc/x86_64-redhat-linux/6.2.1/:/opt/rh/devtoolset-6/root/usr/libexec/gcc/x86_64-redhat-linux/:/opt/rh/devtoolset-6/root/usr/lib/gcc/x86_64-redhat-linux/6.2.1/:/opt/rh/devtoolset-6/root/usr/lib/gcc/x86_64-redhat-linux/]
  ignore line: [LIBRARY_PATH=/opt/rh/devtoolset-6/root/usr/lib/gcc/x86_64-redhat-linux/6.2.1/:/opt/rh/devtoolset-6/root/usr/lib/gcc/x86_64-redhat-linux/6.2.1/../../../../lib64/:/lib/../lib64/:/usr/lib/../lib64/:/opt/rh/devtoolset-6/root/usr/lib/gcc/x86_64-redhat-linux/6.2.1/../../../:/lib/:/usr/lib/]
  ignore line: [COLLECT_GCC_OPTIONS='-v' '-o' 'cmTryCompileExec2134350618' '-rdynamic' '-shared-libgcc' '-mtune=generic' '-march=x86-64']
  link line: [ /opt/rh/devtoolset-6/root/usr/libexec/gcc/x86_64-redhat-linux/6.2.1/collect2 -plugin /opt/rh/devtoolset-6/root/usr/libexec/gcc/x86_64-redhat-linux/6.2.1/liblto_plugin.so -plugin-opt=/opt/rh/devtoolset-6/root/usr/libexec/gcc/x86_64-redhat-linux/6.2.1/lto-wrapper -plugin-opt=-fresolution=/tmp/ccg1c38D.res -plugin-opt=-pass-through=-lgcc_s -plugin-opt=-pass-through=-lgcc -plugin-opt=-pass-through=-lc -plugin-opt=-pass-through=-lgcc_s -plugin-opt=-pass-through=-lgcc --build-id --no-add-needed --eh-frame-hdr --hash-style=gnu -m elf_x86_64 -export-dynamic -dynamic-linker /lib64/ld-linux-x86-64.so.2 -o cmTryCompileExec2134350618 /lib/../lib64/crt1.o /lib/../lib64/crti.o /opt/rh/devtoolset-6/root/usr/lib/gcc/x86_64-redhat-linux/6.2.1/crtbegin.o -L/opt/rh/devtoolset-6/root/usr/lib/gcc/x86_64-redhat-linux/6.2.1 -L/opt/rh/devtoolset-6/root/usr/lib/gcc/x86_64-redhat-linux/6.2.1/../../../../lib64 -L/lib/../lib64 -L/usr/lib/../lib64 -L/opt/rh/devtoolset-6/root/usr/lib/gcc/x86_64-redhat-linux/6.2.1/../../.. CMakeFiles/cmTryCompileExec2134350618.dir/CMakeCXXCompilerABI.cpp.o -lstdc++ -lm -lgcc_s -lgcc -lc -lgcc_s -lgcc /opt/rh/devtoolset-6/root/usr/lib/gcc/x86_64-redhat-linux/6.2.1/crtend.o /lib/../lib64/crtn.o]
    arg [/opt/rh/devtoolset-6/root/usr/libexec/gcc/x86_64-redhat-linux/6.2.1/collect2] ==> ignore
    arg [-plugin] ==> ignore
    arg [/opt/rh/devtoolset-6/root/usr/libexec/gcc/x86_64-redhat-linux/6.2.1/liblto_plugin.so] ==> ignore
    arg [-plugin-opt=/opt/rh/devtoolset-6/root/usr/libexec/gcc/x86_64-redhat-linux/6.2.1/lto-wrapper] ==> ignore
    arg [-plugin-opt=-fresolution=/tmp/ccg1c38D.res] ==> ignore
    arg [-plugin-opt=-pass-through=-lgcc_s] ==> ignore
    arg [-plugin-opt=-pass-through=-lgcc] ==> ignore
    arg [-plugin-opt=-pass-through=-lc] ==> ignore
    arg [-plugin-opt=-pass-through=-lgcc_s] ==> ignore
    arg [-plugin-opt=-pass-through=-lgcc] ==> ignore
    arg [--build-id] ==> ignore
    arg [--no-add-needed] ==> ignore
    arg [--eh-frame-hdr] ==> ignore
    arg [--hash-style=gnu] ==> ignore
    arg [-m] ==> ignore
    arg [elf_x86_64] ==> ignore
    arg [-export-dynamic] ==> ignore
    arg [-dynamic-linker] ==> ignore
    arg [/lib64/ld-linux-x86-64.so.2] ==> ignore
    arg [-o] ==> ignore
    arg [cmTryCompileExec2134350618] ==> ignore
    arg [/lib/../lib64/crt1.o] ==> ignore
    arg [/lib/../lib64/crti.o] ==> ignore
    arg [/opt/rh/devtoolset-6/root/usr/lib/gcc/x86_64-redhat-linux/6.2.1/crtbegin.o] ==> ignore
    arg [-L/opt/rh/devtoolset-6/root/usr/lib/gcc/x86_64-redhat-linux/6.2.1] ==> dir [/opt/rh/devtoolset-6/root/usr/lib/gcc/x86_64-redhat-linux/6.2.1]
    arg [-L/opt/rh/devtoolset-6/root/usr/lib/gcc/x86_64-redhat-linux/6.2.1/../../../../lib64] ==> dir [/opt/rh/devtoolset-6/root/usr/lib/gcc/x86_64-redhat-linux/6.2.1/../../../../lib64]
    arg [-L/lib/../lib64] ==> dir [/lib/../lib64]
    arg [-L/usr/lib/../lib64] ==> dir [/usr/lib/../lib64]
    arg [-L/opt/rh/devtoolset-6/root/usr/lib/gcc/x86_64-redhat-linux/6.2.1/../../..] ==> dir [/opt/rh/devtoolset-6/root/usr/lib/gcc/x86_64-redhat-linux/6.2.1/../../..]
    arg [CMakeFiles/cmTryCompileExec2134350618.dir/CMakeCXXCompilerABI.cpp.o] ==> ignore
    arg [-lstdc++] ==> lib [stdc++]
    arg [-lm] ==> lib [m]
    arg [-lgcc_s] ==> lib [gcc_s]
    arg [-lgcc] ==> lib [gcc]
    arg [-lc] ==> lib [c]
    arg [-lgcc_s] ==> lib [gcc_s]
    arg [-lgcc] ==> lib [gcc]
    arg [/opt/rh/devtoolset-6/root/usr/lib/gcc/x86_64-redhat-linux/6.2.1/crtend.o] ==> ignore
    arg [/lib/../lib64/crtn.o] ==> ignore
  remove lib [gcc_s]
  remove lib [gcc]
  remove lib [gcc_s]
  remove lib [gcc]
  collapse library dir [/opt/rh/devtoolset-6/root/usr/lib/gcc/x86_64-redhat-linux/6.2.1] ==> [/opt/rh/devtoolset-6/root/usr/lib/gcc/x86_64-redhat-linux/6.2.1]
  collapse library dir [/opt/rh/devtoolset-6/root/usr/lib/gcc/x86_64-redhat-linux/6.2.1/../../../../lib64] ==> [/opt/rh/devtoolset-6/root/usr/lib64]
  collapse library dir [/lib/../lib64] ==> [/lib64]
  collapse library dir [/usr/lib/../lib64] ==> [/usr/lib64]
  collapse library dir [/opt/rh/devtoolset-6/root/usr/lib/gcc/x86_64-redhat-linux/6.2.1/../../..] ==> [/opt/rh/devtoolset-6/root/usr/lib]
  implicit libs: [stdc++;m;c]
  implicit dirs: [/opt/rh/devtoolset-6/root/usr/lib/gcc/x86_64-redhat-linux/6.2.1;/opt/rh/devtoolset-6/root/usr/lib64;/lib64;/usr/lib64;/opt/rh/devtoolset-6/root/usr/lib]
  implicit fwks: []


